FirebaseTest/FirebaseTest/app/build/intermediates/manifest_merge_blame_file/debug/manifest-merger-blame-debug-report.txt
1<?xml version="1.0" encoding="utf-8"?>
2<manifest xmlns:android="http://schemas.android.com/apk/res/android"
3    package="com.example.firebasetest"
4    android:versionCode="1"
5    android:versionName="1.0" >
6
7    <uses-sdk
8        android:minSdkVersion="24"
8-->src\main\AndroidManifest.xml
9        android:targetSdkVersion="33" />
9-->src\main\AndroidManifest.xml
10
11    <uses-permission android:name="android.permission.ACCESS_NETWORK_STATE" />
11-->src\main\AndroidManifest.xml:5:5-79
11-->src\main\AndroidManifest.xml:5:22-76
12    <uses-permission android:name="android.permission.INTERNET" />
12-->src\main\AndroidManifest.xml:6:5-67
12-->src\main\AndroidManifest.xml:6:22-64
13
14    <application
14-->src\main\AndroidManifest.xml:8:5-110:19
15        android:allowBackup="true"
15-->src\main\AndroidManifest.xml:9:9-35
16        android:appComponentFactory="androidx.core.app.CoreComponentFactory"
16-->[androidx.core:core:1.7.0] AndroidManifest.xml:24:18-86
17        android:dataExtractionRules="@xml/data_extraction_rules"
17-->src\main\AndroidManifest.xml:10:9-65
18        android:debuggable="true"
19        android:extractNativeLibs="false"
20        android:fullBackupContent="@xml/backup_rules"
20-->src\main\AndroidManifest.xml:11:9-54
21        android:icon="@mipmap/ic_launcher"
21-->src\main\AndroidManifest.xml:12:9-43
22        android:label="@string/app_name"
22-->src\main\AndroidManifest.xml:13:9-41
23        android:supportsRtl="true"
23-->src\main\AndroidManifest.xml:14:9-35
24        android:testOnly="true"
25        android:theme="@style/Theme.FirebaseTest" >
25-->src\main\AndroidManifest.xml:15:9-50
26        <activity
26-->src\main\AndroidManifest.xml:17:9-19:40
27            android:name="com.example.firebasetest.MyEventActivity"
27-->src\main\AndroidManifest.xml:18:13-44
28            android:exported="false" />
28-->src\main\AndroidManifest.xml:19:13-37
29        <activity
29-->src\main\AndroidManifest.xml:20:9-22:40
30            android:name="com.example.firebasetest.MyBuyItemsActivity"
30-->src\main\AndroidManifest.xml:21:13-47
31            android:exported="false" />
31-->src\main\AndroidManifest.xml:22:13-37
32        <activity
32-->src\main\AndroidManifest.xml:23:9-25:40
33            android:name="com.example.firebasetest.MyTransactionActivity"
33-->src\main\AndroidManifest.xml:24:13-50
34            android:exported="false" />
34-->src\main\AndroidManifest.xml:25:13-37
35        <activity
35-->src\main\AndroidManifest.xml:26:9-28:40
36            android:name="com.example.firebasetest.MyShareDetailActivity"
36-->src\main\AndroidManifest.xml:27:13-50
37            android:exported="false" />
37-->src\main\AndroidManifest.xml:28:13-37
38        <activity
38-->src\main\AndroidManifest.xml:29:9-31:40
39            android:name="com.example.firebasetest.MyShareActivity"
39-->src\main\AndroidManifest.xml:30:13-44
40            android:exported="false" />
40-->src\main\AndroidManifest.xml:31:13-37
41        <activity
41-->src\main\AndroidManifest.xml:32:9-34:40
42            android:name="com.example.firebasetest.EventAuctionRegisterItemActivity"
42-->src\main\AndroidManifest.xml:33:13-61
43            android:exported="false" />
43-->src\main\AndroidManifest.xml:34:13-37
44        <activity
44-->src\main\AndroidManifest.xml:35:9-37:40
45            android:name="com.example.firebasetest.EventAuctionDetailItemActivity"
45-->src\main\AndroidManifest.xml:36:13-59
46            android:exported="false" />
46-->src\main\AndroidManifest.xml:37:13-37
47        <activity
47-->src\main\AndroidManifest.xml:38:9-40:40
48            android:name="com.example.firebasetest.EventAuctionActivity"
48-->src\main\AndroidManifest.xml:39:13-49
49            android:exported="false" />
49-->src\main\AndroidManifest.xml:40:13-37
50        <activity
50-->src\main\AndroidManifest.xml:41:9-43:40
51            android:name="com.example.firebasetest.MembershipActivity"
51-->src\main\AndroidManifest.xml:42:13-47
52            android:exported="false" />
52-->src\main\AndroidManifest.xml:43:13-37
53        <activity
53-->src\main\AndroidManifest.xml:44:9-52:20
54            android:name="com.example.firebasetest.LobyActivity"
54-->src\main\AndroidManifest.xml:45:13-41
55            android:exported="true" >
55-->src\main\AndroidManifest.xml:46:13-36
56            <intent-filter>
56-->src\main\AndroidManifest.xml:47:13-51:29
57                <action android:name="android.intent.action.MAIN" />
57-->src\main\AndroidManifest.xml:48:17-69
57-->src\main\AndroidManifest.xml:48:25-66
58
59                <category android:name="android.intent.category.LAUNCHER" />
59-->src\main\AndroidManifest.xml:50:17-77
59-->src\main\AndroidManifest.xml:50:27-74
60            </intent-filter>
61        </activity>
62        <activity
62-->src\main\AndroidManifest.xml:53:9-55:40
63            android:name="com.example.firebasetest.ShareDetailActivity"
63-->src\main\AndroidManifest.xml:54:13-48
64            android:exported="false" />
64-->src\main\AndroidManifest.xml:55:13-37
65        <activity
65-->src\main\AndroidManifest.xml:56:9-58:40
66            android:name="com.example.firebasetest.MyPageActivity"
66-->src\main\AndroidManifest.xml:57:13-43
67            android:exported="false" />
67-->src\main\AndroidManifest.xml:58:13-37
68        <activity
68-->src\main\AndroidManifest.xml:59:9-61:40
69            android:name="com.example.firebasetest.ModifyActivity"
69-->src\main\AndroidManifest.xml:60:13-43
70            android:exported="false" />
70-->src\main\AndroidManifest.xml:61:13-37
71        <activity
71-->src\main\AndroidManifest.xml:62:9-64:40
72            android:name="com.example.firebasetest.ShareRegistItemActivity"
72-->src\main\AndroidManifest.xml:63:13-52
73            android:exported="false" />
73-->src\main\AndroidManifest.xml:64:13-37
74        <activity
74-->src\main\AndroidManifest.xml:65:9-67:40
75            android:name="com.example.firebasetest.DetailBiddingItemActivity"
75-->src\main\AndroidManifest.xml:66:13-54
76            android:exported="false" />
76-->src\main\AndroidManifest.xml:67:13-37
77        <activity
77-->src\main\AndroidManifest.xml:68:9-70:40
78            android:name="com.example.firebasetest.ShareActivity"
78-->src\main\AndroidManifest.xml:69:13-42
79            android:exported="false" />
79-->src\main\AndroidManifest.xml:70:13-37
80        <activity
80-->src\main\AndroidManifest.xml:71:9-73:40
81            android:name="com.example.firebasetest.MyItemDetailActivity"
81-->src\main\AndroidManifest.xml:72:13-49
82            android:exported="false" />
82-->src\main\AndroidManifest.xml:73:13-37
83        <activity
83-->src\main\AndroidManifest.xml:74:9-76:40
84            android:name="com.example.firebasetest.EditItemActivity"
84-->src\main\AndroidManifest.xml:75:13-45
85            android:exported="false" />
85-->src\main\AndroidManifest.xml:76:13-37
86        <activity
86-->src\main\AndroidManifest.xml:77:9-79:40
87            android:name="com.example.firebasetest.UpdateDataActivity"
87-->src\main\AndroidManifest.xml:78:13-47
88            android:exported="false" />
88-->src\main\AndroidManifest.xml:79:13-37
89        <activity
89-->src\main\AndroidManifest.xml:80:9-82:40
90            android:name="com.example.firebasetest.DetailItemActivity"
90-->src\main\AndroidManifest.xml:81:13-47
91            android:exported="false" />
91-->src\main\AndroidManifest.xml:82:13-37
92        <activity
92-->src\main\AndroidManifest.xml:83:9-85:40
93            android:name="com.example.firebasetest.MyItemsActivity"
93-->src\main\AndroidManifest.xml:84:13-44
94            android:exported="false" />
94-->src\main\AndroidManifest.xml:85:13-37
95        <activity
95-->src\main\AndroidManifest.xml:86:9-88:40
96            android:name="com.example.firebasetest.OpenRegistItemActivity"
96-->src\main\AndroidManifest.xml:87:13-51
97            android:exported="false" />
97-->src\main\AndroidManifest.xml:88:13-37
98        <activity
98-->src\main\AndroidManifest.xml:89:9-91:40
99            android:name="com.example.firebasetest.OpenDetailItemActivity"
99-->src\main\AndroidManifest.xml:90:13-51
100            android:exported="false" />
100-->src\main\AndroidManifest.xml:91:13-37
101        <activity
101-->src\main\AndroidManifest.xml:92:9-94:40
102            android:name="com.example.firebasetest.BiddingRegistItemActivity"
102-->src\main\AndroidManifest.xml:93:13-54
103            android:exported="false" />
103-->src\main\AndroidManifest.xml:94:13-37
104        <activity
104-->src\main\AndroidManifest.xml:95:9-97:40
105            android:name="com.example.firebasetest.HomeActivity"
105-->src\main\AndroidManifest.xml:96:13-41
106            android:exported="false" />
106-->src\main\AndroidManifest.xml:97:13-37
107        <activity
107-->src\main\AndroidManifest.xml:98:9-100:40
108            android:name="com.example.firebasetest.BiddingActivity"
108-->src\main\AndroidManifest.xml:99:13-44
109            android:exported="false" />
109-->src\main\AndroidManifest.xml:100:13-37
110        <activity
110-->src\main\AndroidManifest.xml:101:9-103:40
111            android:name="com.example.firebasetest.OpenAuctionActivity"
111-->src\main\AndroidManifest.xml:102:13-48
112            android:exported="false" />
112-->src\main\AndroidManifest.xml:103:13-37
113        <activity
113-->src\main\AndroidManifest.xml:104:9-106:40
114            android:name="com.example.firebasetest.RegisterActivity"
114-->src\main\AndroidManifest.xml:105:13-45
115            android:exported="false" />
115-->src\main\AndroidManifest.xml:106:13-37
116        <activity
116-->src\main\AndroidManifest.xml:107:9-109:40
117            android:name="com.example.firebasetest.LoginActivity"
117-->src\main\AndroidManifest.xml:108:13-42
118            android:exported="false" />
118-->src\main\AndroidManifest.xml:109:13-37
119
120        <service
120-->[com.google.firebase:firebase-database:20.2.2] AndroidManifest.xml:28:9-34:19
121            android:name="com.google.firebase.components.ComponentDiscoveryService"
121-->[com.google.firebase:firebase-database:20.2.2] AndroidManifest.xml:29:13-84
122            android:directBootAware="true"
122-->[com.google.firebase:firebase-common:20.3.2] AndroidManifest.xml:34:13-43
123            android:exported="false" >
123-->[com.google.firebase:firebase-database:20.2.2] AndroidManifest.xml:30:13-37
124            <meta-data
124-->[com.google.firebase:firebase-database:20.2.2] AndroidManifest.xml:31:13-33:85
125                android:name="com.google.firebase.components:com.google.firebase.database.DatabaseRegistrar"
125-->[com.google.firebase:firebase-database:20.2.2] AndroidManifest.xml:32:17-109
126                android:value="com.google.firebase.components.ComponentRegistrar" />
126-->[com.google.firebase:firebase-database:20.2.2] AndroidManifest.xml:33:17-82
127            <meta-data
127-->[com.google.firebase:firebase-auth-ktx:22.1.0] AndroidManifest.xml:11:13-13:85
128                android:name="com.google.firebase.components:com.google.firebase.auth.ktx.FirebaseAuthKtxRegistrar"
128-->[com.google.firebase:firebase-auth-ktx:22.1.0] AndroidManifest.xml:12:17-116
129                android:value="com.google.firebase.components.ComponentRegistrar" />
129-->[com.google.firebase:firebase-auth-ktx:22.1.0] AndroidManifest.xml:13:17-82
130            <meta-data
130-->[com.google.firebase:firebase-auth:22.1.0] AndroidManifest.xml:69:13-71:85
131                android:name="com.google.firebase.components:com.google.firebase.auth.FirebaseAuthRegistrar"
131-->[com.google.firebase:firebase-auth:22.1.0] AndroidManifest.xml:70:17-109
132                android:value="com.google.firebase.components.ComponentRegistrar" />
132-->[com.google.firebase:firebase-auth:22.1.0] AndroidManifest.xml:71:17-82
133            <meta-data
133-->[com.google.firebase:firebase-storage:20.2.1] AndroidManifest.xml:32:13-34:85
134                android:name="com.google.firebase.components:com.google.firebase.storage.StorageRegistrar"
134-->[com.google.firebase:firebase-storage:20.2.1] AndroidManifest.xml:33:17-107
135                android:value="com.google.firebase.components.ComponentRegistrar" />
135-->[com.google.firebase:firebase-storage:20.2.1] AndroidManifest.xml:34:17-82
136            <meta-data
136-->[com.google.firebase:firebase-firestore-ktx:24.7.0] AndroidManifest.xml:14:13-16:85
137                android:name="com.google.firebase.components:com.google.firebase.firestore.ktx.FirebaseFirestoreKtxRegistrar"
137-->[com.google.firebase:firebase-firestore-ktx:24.7.0] AndroidManifest.xml:15:17-126
138                android:value="com.google.firebase.components.ComponentRegistrar" />
138-->[com.google.firebase:firebase-firestore-ktx:24.7.0] AndroidManifest.xml:16:17-82
139            <meta-data
139-->[com.google.firebase:firebase-firestore:24.7.0] AndroidManifest.xml:19:13-21:85
140                android:name="com.google.firebase.components:com.google.firebase.firestore.FirestoreRegistrar"
140-->[com.google.firebase:firebase-firestore:24.7.0] AndroidManifest.xml:20:17-111
141                android:value="com.google.firebase.components.ComponentRegistrar" />
141-->[com.google.firebase:firebase-firestore:24.7.0] AndroidManifest.xml:21:17-82
142            <meta-data
142-->[com.google.firebase:firebase-common-ktx:20.3.1] AndroidManifest.xml:14:13-16:85
143                android:name="com.google.firebase.components:com.google.firebase.ktx.FirebaseCommonKtxRegistrar"
143-->[com.google.firebase:firebase-common-ktx:20.3.1] AndroidManifest.xml:15:17-113
144                android:value="com.google.firebase.components.ComponentRegistrar" />
144-->[com.google.firebase:firebase-common-ktx:20.3.1] AndroidManifest.xml:16:17-82
145        </service>
146
147        <activity
147-->[com.google.firebase:firebase-auth:22.1.0] AndroidManifest.xml:29:9-46:20
148            android:name="com.google.firebase.auth.internal.GenericIdpActivity"
148-->[com.google.firebase:firebase-auth:22.1.0] AndroidManifest.xml:30:13-80
149            android:excludeFromRecents="true"
149-->[com.google.firebase:firebase-auth:22.1.0] AndroidManifest.xml:31:13-46
150            android:exported="true"
150-->[com.google.firebase:firebase-auth:22.1.0] AndroidManifest.xml:32:13-36
151            android:launchMode="singleTask"
151-->[com.google.firebase:firebase-auth:22.1.0] AndroidManifest.xml:33:13-44
152            android:theme="@android:style/Theme.Translucent.NoTitleBar" >
152-->[com.google.firebase:firebase-auth:22.1.0] AndroidManifest.xml:34:13-72
153            <intent-filter>
153-->[com.google.firebase:firebase-auth:22.1.0] AndroidManifest.xml:35:13-45:29
154                <action android:name="android.intent.action.VIEW" />
154-->[com.google.firebase:firebase-auth:22.1.0] AndroidManifest.xml:36:17-69
154-->[com.google.firebase:firebase-auth:22.1.0] AndroidManifest.xml:36:25-66
155
156                <category android:name="android.intent.category.DEFAULT" />
156-->[com.google.firebase:firebase-auth:22.1.0] AndroidManifest.xml:38:17-76
156-->[com.google.firebase:firebase-auth:22.1.0] AndroidManifest.xml:38:27-73
157                <category android:name="android.intent.category.BROWSABLE" />
157-->[com.google.firebase:firebase-auth:22.1.0] AndroidManifest.xml:39:17-78
157-->[com.google.firebase:firebase-auth:22.1.0] AndroidManifest.xml:39:27-75
158
159                <data
159-->[com.google.firebase:firebase-auth:22.1.0] AndroidManifest.xml:41:17-44:51
160                    android:host="firebase.auth"
160-->[com.google.firebase:firebase-auth:22.1.0] AndroidManifest.xml:42:21-49
161                    android:path="/"
161-->[com.google.firebase:firebase-auth:22.1.0] AndroidManifest.xml:43:21-37
162                    android:scheme="genericidp" />
162-->[com.google.firebase:firebase-auth:22.1.0] AndroidManifest.xml:44:21-48
163            </intent-filter>
164        </activity>
165        <activity
165-->[com.google.firebase:firebase-auth:22.1.0] AndroidManifest.xml:47:9-64:20
166            android:name="com.google.firebase.auth.internal.RecaptchaActivity"
166-->[com.google.firebase:firebase-auth:22.1.0] AndroidManifest.xml:48:13-79
167            android:excludeFromRecents="true"
167-->[com.google.firebase:firebase-auth:22.1.0] AndroidManifest.xml:49:13-46
168            android:exported="true"
168-->[com.google.firebase:firebase-auth:22.1.0] AndroidManifest.xml:50:13-36
169            android:launchMode="singleTask"
169-->[com.google.firebase:firebase-auth:22.1.0] AndroidManifest.xml:51:13-44
170            android:theme="@android:style/Theme.Translucent.NoTitleBar" >
170-->[com.google.firebase:firebase-auth:22.1.0] AndroidManifest.xml:52:13-72
171            <intent-filter>
171-->[com.google.firebase:firebase-auth:22.1.0] AndroidManifest.xml:53:13-63:29
172                <action android:name="android.intent.action.VIEW" />
172-->[com.google.firebase:firebase-auth:22.1.0] AndroidManifest.xml:36:17-69
172-->[com.google.firebase:firebase-auth:22.1.0] AndroidManifest.xml:36:25-66
173
174                <category android:name="android.intent.category.DEFAULT" />
174-->[com.google.firebase:firebase-auth:22.1.0] AndroidManifest.xml:38:17-76
174-->[com.google.firebase:firebase-auth:22.1.0] AndroidManifest.xml:38:27-73
175                <category android:name="android.intent.category.BROWSABLE" />
175-->[com.google.firebase:firebase-auth:22.1.0] AndroidManifest.xml:39:17-78
175-->[com.google.firebase:firebase-auth:22.1.0] AndroidManifest.xml:39:27-75
176
177                <data
177-->[com.google.firebase:firebase-auth:22.1.0] AndroidManifest.xml:41:17-44:51
178                    android:host="firebase.auth"
178-->[com.google.firebase:firebase-auth:22.1.0] AndroidManifest.xml:42:21-49
179                    android:path="/"
179-->[com.google.firebase:firebase-auth:22.1.0] AndroidManifest.xml:43:21-37
180                    android:scheme="recaptcha" />
180-->[com.google.firebase:firebase-auth:22.1.0] AndroidManifest.xml:44:21-48
181            </intent-filter>
182        </activity>
183
184        <provider
184-->[com.google.firebase:firebase-common:20.3.2] AndroidManifest.xml:25:9-30:39
185            android:name="com.google.firebase.provider.FirebaseInitProvider"
185-->[com.google.firebase:firebase-common:20.3.2] AndroidManifest.xml:26:13-77
186            android:authorities="com.example.firebasetest.firebaseinitprovider"
186-->[com.google.firebase:firebase-common:20.3.2] AndroidManifest.xml:27:13-72
187            android:directBootAware="true"
187-->[com.google.firebase:firebase-common:20.3.2] AndroidManifest.xml:28:13-43
188            android:exported="false"
188-->[com.google.firebase:firebase-common:20.3.2] AndroidManifest.xml:29:13-37
189            android:initOrder="100" />
189-->[com.google.firebase:firebase-common:20.3.2] AndroidManifest.xml:30:13-36
190
191        <activity
191-->[com.google.android.gms:play-services-base:18.1.0] AndroidManifest.xml:20:9-22:45
192            android:name="com.google.android.gms.common.api.GoogleApiActivity"
192-->[com.google.android.gms:play-services-base:18.1.0] AndroidManifest.xml:20:19-85
193            android:exported="false"
193-->[com.google.android.gms:play-services-base:18.1.0] AndroidManifest.xml:22:19-43
194            android:theme="@android:style/Theme.Translucent.NoTitleBar" />
194-->[com.google.android.gms:play-services-base:18.1.0] AndroidManifest.xml:21:19-78
195
196        <meta-data
196-->[com.google.android.gms:play-services-basement:18.1.0] AndroidManifest.xml:21:9-23:69
197            android:name="com.google.android.gms.version"
197-->[com.google.android.gms:play-services-basement:18.1.0] AndroidManifest.xml:22:13-58
198            android:value="@integer/google_play_services_version" />
198-->[com.google.android.gms:play-services-basement:18.1.0] AndroidManifest.xml:23:13-66
199
200        <provider
200-->[androidx.emoji2:emoji2:1.0.0] AndroidManifest.xml:26:9-34:20
201            android:name="androidx.startup.InitializationProvider"
201-->[androidx.emoji2:emoji2:1.0.0] AndroidManifest.xml:27:13-67
202            android:authorities="com.example.firebasetest.androidx-startup"
202-->[androidx.emoji2:emoji2:1.0.0] AndroidManifest.xml:28:13-68
203            android:exported="false" >
203-->[androidx.emoji2:emoji2:1.0.0] AndroidManifest.xml:29:13-37
204            <meta-data
204-->[androidx.emoji2:emoji2:1.0.0] AndroidManifest.xml:31:13-33:52
205                android:name="androidx.emoji2.text.EmojiCompatInitializer"
205-->[androidx.emoji2:emoji2:1.0.0] AndroidManifest.xml:32:17-75
206                android:value="androidx.startup" />
206-->[androidx.emoji2:emoji2:1.0.0] AndroidManifest.xml:33:17-49
207            <meta-data
207-->[androidx.lifecycle:lifecycle-process:2.4.0] AndroidManifest.xml:31:13-33:52
208                android:name="androidx.lifecycle.ProcessLifecycleInitializer"
208-->[androidx.lifecycle:lifecycle-process:2.4.0] AndroidManifest.xml:32:17-78
209                android:value="androidx.startup" />
209-->[androidx.lifecycle:lifecycle-process:2.4.0] AndroidManifest.xml:33:17-49
210        </provider>
211    </application>
212
213</manifest>